0 info it worked if it ends with ok
1 verbose cli [ 'E:\\nodejs\\node.exe',
1 verbose cli   'E:\\nodejs\\node_modules\\npm\\bin\\npm-cli.js',
1 verbose cli   'start' ]
2 info using npm@3.9.0
3 info using node@v4.4.3
4 verbose run-script [ 'prestart', 'start', 'poststart' ]
5 info lifecycle twitter@0.0.0~prestart: twitter@0.0.0
6 silly lifecycle twitter@0.0.0~prestart: no script for prestart, continuing
7 info lifecycle twitter@0.0.0~start: twitter@0.0.0
8 verbose lifecycle twitter@0.0.0~start: unsafe-perm in lifecycle true
9 verbose lifecycle twitter@0.0.0~start: PATH: E:\nodejs\node_modules\npm\bin\node-gyp-bin;E:\nodejs\twitter\node_modules\.bin;E:\nodejs;C:\Windows\system32;C:\Windows;C:\Windows\System32\Wbem;C:\Windows\System32\WindowsPowerShell\v1.0\;C:\Program Files\Intel\WiFi\bin\;C:\Program Files\Common Files\Intel\WirelessCommon\;E:\nodejs\;C:\Program Files\Git\cmd;d:\mongodb\bin;E:\nodejs;C:\Users\lenovo\AppData\Roaming\npm
10 verbose lifecycle twitter@0.0.0~start: CWD: E:\nodejs\twitter
11 silly lifecycle twitter@0.0.0~start: Args: [ '/d /s /c', 'node ./bin/www' ]
12 silly lifecycle twitter@0.0.0~start: Returned: code: 3221225786  signal: null
13 info lifecycle twitter@0.0.0~start: Failed to exec start script
14 verbose stack Error: twitter@0.0.0 start: `node ./bin/www`
14 verbose stack Exit status 3221225786
14 verbose stack     at EventEmitter.<anonymous> (E:\nodejs\node_modules\npm\lib\utils\lifecycle.js:245:16)
14 verbose stack     at emitTwo (events.js:87:13)
14 verbose stack     at EventEmitter.emit (events.js:172:7)
14 verbose stack     at ChildProcess.<anonymous> (E:\nodejs\node_modules\npm\lib\utils\spawn.js:24:14)
14 verbose stack     at emitTwo (events.js:87:13)
14 verbose stack     at ChildProcess.emit (events.js:172:7)
14 verbose stack     at maybeClose (internal/child_process.js:827:16)
14 verbose stack     at Process.ChildProcess._handle.onexit (internal/child_process.js:211:5)
15 verbose pkgid twitter@0.0.0
16 verbose cwd E:\nodejs\twitter
17 error Windows_NT 10.0.10586
18 error argv "E:\\nodejs\\node.exe" "E:\\nodejs\\node_modules\\npm\\bin\\npm-cli.js" "start"
19 error node v4.4.3
20 error npm  v3.9.0
21 error code ELIFECYCLE
22 error twitter@0.0.0 start: `node ./bin/www`
22 error Exit status 3221225786
23 error Failed at the twitter@0.0.0 start script 'node ./bin/www'.
23 error Make sure you have the latest version of node.js and npm installed.
23 error If you do, this is most likely a problem with the twitter package,
23 error not with npm itself.
23 error Tell the author that this fails on your system:
23 error     node ./bin/www
23 error You can get information on how to open an issue for this project with:
23 error     npm bugs twitter
23 error Or if that isn't available, you can get their info via:
23 error     npm owner ls twitter
23 error There is likely additional logging output above.
24 verbose exit [ 1, true ]
